<?xml version="1.0" encoding="UTF-8"?>
<testng-results skipped="0" failed="0" ignored="0" total="1" passed="1">
  <reporter-output>
  </reporter-output>
  <suite name="Default suite" duration-ms="21391" started-at="2018-10-20T09:49:11Z" finished-at="2018-10-20T09:49:32Z">
    <groups>
    </groups>
    <test name="Default test" duration-ms="21391" started-at="2018-10-20T09:49:11Z" finished-at="2018-10-20T09:49:32Z">
      <class name="flipkart.testcases.TC_01_VerifyTitle">
        <test-method status="PASS" signature="openBrowser()[pri:0, instance:flipkart.testcases.TC_01_VerifyTitle@b0bfab]" name="openBrowser" is-config="true" duration-ms="13369" started-at="2018-10-20T09:49:11Z" finished-at="2018-10-20T09:49:24Z">
          <reporter-output>
          </reporter-output>
        </test-method> <!-- openBrowser -->
        <test-method status="PASS" signature="verifyTitle()[pri:0, instance:flipkart.testcases.TC_01_VerifyTitle@b0bfab]" name="verifyTitle" duration-ms="7975" started-at="2018-10-20T09:49:24Z" finished-at="2018-10-20T09:49:32Z">
          <reporter-output>
          </reporter-output>
        </test-method> <!-- verifyTitle -->
      </class> <!-- flipkart.testcases.TC_01_VerifyTitle -->
    </test> <!-- Default test -->
  </suite> <!-- Default suite -->
</testng-results>
