<?xml version="1.0" encoding="UTF-8"?>
<testng-results skipped="0" failed="0" ignored="0" total="1" passed="1">
  <reporter-output>
  </reporter-output>
  <suite name="Default suite" duration-ms="30053" started-at="2018-12-22T04:35:42Z" finished-at="2018-12-22T04:36:12Z">
    <groups>
    </groups>
    <test name="Default test" duration-ms="30053" started-at="2018-12-22T04:35:42Z" finished-at="2018-12-22T04:36:12Z">
      <class name="flipkart.testcases.TC_01_VerifyTitle">
        <test-method status="PASS" signature="befSuite()[pri:0, instance:flipkart.testcases.TC_01_VerifyTitle@1aeada1]" name="befSuite" is-config="true" duration-ms="22" started-at="2018-12-22T04:35:42Z" finished-at="2018-12-22T04:35:42Z">
          <reporter-output>
          </reporter-output>
        </test-method> <!-- befSuite -->
        <test-method status="PASS" signature="openBrowser()[pri:0, instance:flipkart.testcases.TC_01_VerifyTitle@1aeada1]" name="openBrowser" is-config="true" duration-ms="25459" started-at="2018-12-22T04:35:42Z" finished-at="2018-12-22T04:36:08Z">
          <reporter-output>
          </reporter-output>
        </test-method> <!-- openBrowser -->
        <test-method status="PASS" signature="verifyTitle()[pri:0, instance:flipkart.testcases.TC_01_VerifyTitle@1aeada1]" name="verifyTitle" duration-ms="4446" started-at="2018-12-22T04:36:08Z" finished-at="2018-12-22T04:36:12Z">
          <reporter-output>
          </reporter-output>
        </test-method> <!-- verifyTitle -->
      </class> <!-- flipkart.testcases.TC_01_VerifyTitle -->
    </test> <!-- Default test -->
  </suite> <!-- Default suite -->
</testng-results>
