<?xml version="1.0" encoding="UTF-8"?>
<!-- Generated by org.testng.reporters.JUnitXMLReporter -->
<testsuite hostname="DESKTOP-U8EHGOG" ignored="1" name="Test" tests="1" failures="0" timestamp="23 Sep 2018 16:58:55 GMT" time="22.044" errors="0">
  <testcase name="openbrowser" time="21.944" classname="flipkart.Electronics.Keywords"/>
  <testcase name="closeBrowser" time="0.0" classname="flipkart.Electronics.Keywords">
    <ignored/>
  </testcase> <!-- closeBrowser -->
</testsuite> <!-- Test -->
